<?xml version="1.0" encoding="UTF-8"?>
<suppressions xmlns="https://jeremylong.github.io/DependencyCheck/dependency-suppression.1.2.xsd">
	<!--
		Suppressed as we are not able to update the shipped selenium (yet) and this is test-only code.
	-->
	<suppress>
		<notes><![CDATA[ Guava 19.0]]></notes>
		<cve>CVE-2018-10237</cve>
	</suppress>
	<suppress>
		<notes><![CDATA[ Netty 3.5.7.Final]]></notes>
		<cve>CVE-2015-2156</cve>
	</suppress>
	<suppress>
		<notes><![CDATA[ Netty 3.5.7.Final]]></notes>
		<cve>CVE-2014-3488</cve>
	</suppress>
</suppressions>
